2024-03-14 06:08:31.617 INFO  (main) [c: s: r: x: t:] o.e.j.s.Server jetty-10.0.19; built: 2023-12-15T20:38:32.477Z; git: 8492d1c78f122bb30cce20aecfa07e7283facd47; jvm 17.0.10+7
2024-03-14 06:08:32.332 WARN  (main) [c: s: r: x: t:] o.e.j.u.DeprecationWarning Using @Deprecated Class org.eclipse.jetty.servlet.listener.ELContextCleaner
2024-03-14 06:08:32.400 INFO  (main) [c: s: r: x: t:] o.a.s.s.CoreContainerProvider Using logger factory org.apache.logging.slf4j.Log4jLoggerFactory
2024-03-14 06:08:32.427 INFO  (main) [c: s: r: x: t:] o.a.s.s.CoreContainerProvider  ___      _       Welcome to Apache Solr™ version 9.5.0
2024-03-14 06:08:32.428 INFO  (main) [c: s: r: x: t:] o.a.s.s.CoreContainerProvider / __| ___| |_ _   Starting in standalone mode on port 8983
2024-03-14 06:08:32.428 INFO  (main) [c: s: r: x: t:] o.a.s.s.CoreContainerProvider \__ \/ _ \ | '_|  Install dir: /opt/solr-9.5.0
2024-03-14 06:08:32.429 INFO  (main) [c: s: r: x: t:] o.a.s.s.CoreContainerProvider |___/\___/_|_|    Start time: 2024-03-14T06:08:32.429387640Z
2024-03-14 06:08:32.440 INFO  (main) [c: s: r: x: t:] o.a.s.s.CoreContainerProvider Solr started with "-XX:+CrashOnOutOfMemoryError" that will crash on any OutOfMemoryError exception. The cause of the OOME will be logged in the crash file at the following path: /var/solr/logs/jvm_crash_12.log
2024-03-14 06:08:32.538 INFO  (main) [c: s: r: x: t:] o.a.s.s.CoreContainerProvider Solr Home: /var/solr/data (source: system property: solr.solr.home)
2024-03-14 06:08:32.592 INFO  (main) [c: s: r: x: t:] o.a.s.c.SolrXmlConfig solr.xml not found in SOLR_HOME, using built-in default
2024-03-14 06:08:32.592 INFO  (main) [c: s: r: x: t:] o.a.s.c.SolrXmlConfig Loading solr.xml from /opt/solr-9.5.0/server/solr/solr.xml
2024-03-14 06:08:32.742 INFO  (main) [c: s: r: x: t:] o.a.s.c.SolrResourceLoader Added 1 libs to classloader, from paths: [/opt/solr-9.5.0/lib]
2024-03-14 06:08:34.760 INFO  (main) [c: s: r: x: t:] o.a.s.u.t.SimplePropagator Always-on trace id generation enabled.
2024-03-14 06:08:35.580 WARN  (main) [c: s: r: x: t:] o.a.s.u.StartupLoggingUtils Jetty request logging enabled. Will retain logs for last 3 days. See chapter "Configuring Logging" in reference guide for how to configure.
2024-03-14 06:08:35.589 WARN  (main) [c: s: r: x: t:] o.a.s.c.CoreContainer Not all security plugins configured!  authentication=disabled authorization=disabled.  Solr is only as secure as you make it. Consider configuring authentication/authorization before exposing Solr to users internal or external.  See https://s.apache.org/solrsecurity for more info
2024-03-14 06:08:36.389 INFO  (main) [c: s: r: x: t:] o.a.s.c.CorePropertiesLocator Found 1 core definitions underneath /var/solr/data
2024-03-14 06:08:36.390 INFO  (main) [c: s: r: x: t:] o.a.s.c.CorePropertiesLocator Cores are: [restaurants]
2024-03-14 06:08:36.445 INFO  (coreLoadExecutor-11-thread-1) [c: s: r: x:restaurants t:] o.a.s.c.SolrConfig Using Lucene MatchVersion: 9.9.0
2024-03-14 06:08:36.586 INFO  (coreLoadExecutor-11-thread-1) [c: s: r: x:restaurants t:] o.a.s.s.IndexSchema Schema name=default-config
2024-03-14 06:08:36.830 WARN  (main) [c: s: r: x: t:] o.g.j.m.i.MessagingBinders A class jakarta.activation.DataSource for a default provider MessageBodyWriter<jakarta.activation.DataSource> was not found. The provider is not available.
2024-03-14 06:08:37.134 INFO  (coreLoadExecutor-11-thread-1) [c: s: r: x:restaurants t:] o.a.s.s.IndexSchema Loaded schema default-config/1.6 with uniqueid field id
2024-03-14 06:08:37.134 INFO  (coreLoadExecutor-11-thread-1) [c: s: r: x:restaurants t:] o.a.s.c.CoreContainer Creating SolrCore 'restaurants' using configuration from instancedir /var/solr/data/restaurants, trusted=true
2024-03-14 06:08:37.180 INFO  (coreLoadExecutor-11-thread-1) [c: s: r: x:restaurants t:] o.a.s.c.SolrCore Opening new SolrCore at [/var/solr/data/restaurants], dataDir=[/var/solr/data/restaurants/data/]
2024-03-14 06:08:37.357 INFO  (main) [c: s: r: x: t:] o.a.s.j.SolrRequestAuthorizer Creating a new SolrRequestAuthorizer
2024-03-14 06:08:37.583 INFO  (main) [c: s: r: x: t:] o.e.j.s.h.ContextHandler Started o.e.j.w.WebAppContext@21362712{solr-jetty-context.xml,/solr,file:///opt/solr-9.5.0/server/solr-webapp/webapp/,AVAILABLE}{/opt/solr-9.5.0/server/solr-webapp/webapp}
2024-03-14 06:08:37.596 INFO  (main) [c: s: r: x: t:] o.e.j.s.RequestLogWriter Opened /var/solr/logs/2024_03_14.request.log
2024-03-14 06:08:37.602 INFO  (main) [c: s: r: x: t:] o.e.j.s.AbstractConnector Started ServerConnector@666b83a4{HTTP/1.1, (http/1.1, h2c)}{0.0.0.0:8983}
2024-03-14 06:08:37.604 INFO  (main) [c: s: r: x: t:] o.e.j.s.Server Started Server@3e8f7922{STARTING}[10.0.19,sto=0] @8896ms
2024-03-14 06:08:37.915 INFO  (coreLoadExecutor-11-thread-1) [c: s: r: x:restaurants t:] o.a.s.j.SolrRequestAuthorizer Creating a new SolrRequestAuthorizer
2024-03-14 06:08:37.937 INFO  (coreLoadExecutor-11-thread-1) [c: s: r: x:restaurants t:] o.a.s.u.UpdateHandler Using UpdateLog implementation: org.apache.solr.update.UpdateLog
2024-03-14 06:08:37.937 INFO  (coreLoadExecutor-11-thread-1) [c: s: r: x:restaurants t:] o.a.s.u.UpdateLog Initializing UpdateLog: dataDir= defaultSyncLevel=FLUSH numRecordsToKeep=100 maxNumLogsToKeep=10 numVersionBuckets=65536
2024-03-14 06:08:37.960 INFO  (coreLoadExecutor-11-thread-1) [c: s: r: x:restaurants t:] o.a.s.u.CommitTracker Hard AutoCommit: if uncommitted for 15000ms; 
2024-03-14 06:08:37.961 INFO  (coreLoadExecutor-11-thread-1) [c: s: r: x:restaurants t:] o.a.s.u.CommitTracker Soft AutoCommit: if uncommitted for 3000ms; 
2024-03-14 06:08:38.152 INFO  (coreLoadExecutor-11-thread-1) [c: s: r: x:restaurants t:] o.a.s.r.ManagedResourceStorage File-based storage initialized to use dir: /var/solr/data/restaurants/conf
2024-03-14 06:08:38.164 INFO  (coreLoadExecutor-11-thread-1) [c: s: r: x:restaurants t:] o.a.s.s.DirectSolrSpellChecker init: {maxEdits=2, minPrefix=1, maxInspections=5, minQueryLength=4, accuracy=0.5, maxQueryFrequency=0.01, name=default, field=_text_, classname=solr.DirectSolrSpellChecker, distanceMeasure=internal}
2024-03-14 06:08:38.172 INFO  (coreLoadExecutor-11-thread-1) [c: s: r: x:restaurants t:] o.a.s.h.ReplicationHandler Commits will be reserved for 10000 ms
2024-03-14 06:08:38.174 INFO  (searcherExecutor-13-thread-1-processing-restaurants) [c: s: r: x:restaurants t:] o.a.s.c.QuerySenderListener QuerySenderListener done.
2024-03-14 06:08:38.174 INFO  (searcherExecutor-13-thread-1-processing-restaurants) [c: s: r: x:restaurants t:] o.a.s.h.c.SpellCheckComponent Loading spell index for spellchecker: default
2024-03-14 06:08:38.185 INFO  (searcherExecutor-13-thread-1-processing-restaurants) [c: s: r: x:restaurants t:] o.a.s.c.SolrCore Registered new searcher autowarm time: 0 ms
2024-03-14 06:09:27.800 INFO  (JettyShutdownThread) [c: s: r: x: t:] o.e.j.s.Server Stopped Server@3e8f7922{STOPPING}[10.0.19,sto=0]
2024-03-14 06:09:27.813 INFO  (JettyShutdownThread) [c: s: r: x: t:] o.e.j.s.AbstractConnector Stopped ServerConnector@666b83a4{HTTP/1.1, (http/1.1, h2c)}{0.0.0.0:8983}
2024-03-14 06:09:27.848 INFO  (JettyShutdownThread) [c: s: r: x: t:] o.a.s.c.CoreContainer Shutting down CoreContainer instance=1555965524
2024-03-14 06:09:27.854 INFO  (coreCloseExecutor-19-thread-1) [c: s: r: x:restaurants t:] o.a.s.c.SolrCore CLOSING SolrCore org.apache.solr.core.SolrCore@5baeff16 restaurants
2024-03-14 06:09:27.857 INFO  (coreCloseExecutor-19-thread-1) [c: s: r: x:restaurants t:] o.a.s.m.SolrMetricManager Closing metric reporters for registry=solr.core.restaurants tag=SolrCore@5baeff16
2024-03-14 06:09:27.957 INFO  (coreCloseExecutor-19-thread-1) [c: s: r: x:restaurants t:] o.a.s.u.DirectUpdateHandler2 Committing on IndexWriter.close()  ... SKIPPED (unnecessary).
2024-03-14 06:09:28.000 INFO  (JettyShutdownThread) [c: s: r: x: t:] o.a.s.m.SolrMetricManager Closing metric reporters for registry=solr.node tag=null
2024-03-14 06:09:28.028 INFO  (JettyShutdownThread) [c: s: r: x: t:] o.a.s.m.SolrMetricManager Closing metric reporters for registry=solr.jvm tag=null
2024-03-14 06:09:28.041 INFO  (JettyShutdownThread) [c: s: r: x: t:] o.a.s.m.SolrMetricManager Closing metric reporters for registry=solr.jetty tag=null
2024-03-14 06:09:28.062 INFO  (JettyShutdownThread) [c: s: r: x: t:] o.e.j.s.h.ContextHandler Stopped o.e.j.w.WebAppContext@21362712{solr-jetty-context.xml,/solr,null,STOPPED}{/opt/solr-9.5.0/server/solr-webapp/webapp}
